<?xml version="1.0" encoding="UTF-8"?>
<testsuite xmlns:xsi="http://www.w3.org/2001/XMLSchema-instance" xsi:noNamespaceSchemaLocation="https://maven.apache.org/surefire/maven-surefire-plugin/xsd/surefire-test-report.xsd" version="3.0.2" name="TestComponent" time="0.417" tests="8" errors="0" skipped="0" failures="0">
  <properties>
    <property name="java.specification.version" value="21"/>
    <property name="sun.cpu.isalist" value="amd64"/>
    <property name="sun.jnu.encoding" value="Cp1252"/>
    <property name="sun.awt.enableExtraMouseButtons" value="true"/>
    <property name="java.class.path" value="C:\Users\WinVar7600\Documents\GitProject\VHDL-GENERATOR\target\test-classes;C:\Users\WinVar7600\Documents\GitProject\VHDL-GENERATOR\target\classes;C:\Users\WinVar7600\.m2\repository\org\apache\maven\plugins\maven-javadoc-plugin\3.11.2\maven-javadoc-plugin-3.11.2.jar;C:\Users\WinVar7600\.m2\repository\org\apache\maven\resolver\maven-resolver-util\1.4.1\maven-resolver-util-1.4.1.jar;C:\Users\WinVar7600\.m2\repository\org\apache\maven\resolver\maven-resolver-api\1.4.1\maven-resolver-api-1.4.1.jar;C:\Users\WinVar7600\.m2\repository\javax\inject\javax.inject\1\javax.inject-1.jar;C:\Users\WinVar7600\.m2\repository\org\apache\maven\reporting\maven-reporting-api\4.0.0\maven-reporting-api-4.0.0.jar;C:\Users\WinVar7600\.m2\repository\org\apache\maven\maven-archiver\3.6.2\maven-archiver-3.6.2.jar;C:\Users\WinVar7600\.m2\repository\org\apache\maven\shared\maven-invoker\3.3.0\maven-invoker-3.3.0.jar;C:\Users\WinVar7600\.m2\repository\org\apache\maven\shared\maven-shared-utils\3.4.2\maven-shared-utils-3.4.2.jar;C:\Users\WinVar7600\.m2\repository\org\apache\maven\shared\maven-common-artifact-filters\3.4.0\maven-common-artifact-filters-3.4.0.jar;C:\Users\WinVar7600\.m2\repository\org\apache\maven\doxia\doxia-sink-api\2.0.0\doxia-sink-api-2.0.0.jar;C:\Users\WinVar7600\.m2\repository\org\apache\maven\doxia\doxia-site-renderer\2.0.0\doxia-site-renderer-2.0.0.jar;C:\Users\WinVar7600\.m2\repository\org\apache\maven\doxia\doxia-site-model\2.0.0\doxia-site-model-2.0.0.jar;C:\Users\WinVar7600\.m2\repository\org\apache\maven\doxia\doxia-skin-model\2.0.0\doxia-skin-model-2.0.0.jar;C:\Users\WinVar7600\.m2\repository\org\apache\maven\doxia\doxia-module-xhtml5\2.0.0\doxia-module-xhtml5-2.0.0.jar;C:\Users\WinVar7600\.m2\repository\org\eclipse\sisu\org.eclipse.sisu.plexus\0.9.0.M3\org.eclipse.sisu.plexus-0.9.0.M3.jar;C:\Users\WinVar7600\.m2\repository\org\eclipse\sisu\org.eclipse.sisu.inject\0.9.0.M3\org.eclipse.sisu.inject-0.9.0.M3.jar;C:\Users\WinVar7600\.m2\repository\org\codehaus\plexus\plexus-classworlds\2.6.0\plexus-classworlds-2.6.0.jar;C:\Users\WinVar7600\.m2\repository\org\codehaus\plexus\plexus-velocity\2.2.0\plexus-velocity-2.2.0.jar;C:\Users\WinVar7600\.m2\repository\org\apache\velocity\velocity-engine-core\2.4\velocity-engine-core-2.4.jar;C:\Users\WinVar7600\.m2\repository\org\apache\velocity\tools\velocity-tools-generic\3.1\velocity-tools-generic-3.1.jar;C:\Users\WinVar7600\.m2\repository\com\github\cliftonlabs\json-simple\3.0.2\json-simple-3.0.2.jar;C:\Users\WinVar7600\.m2\repository\org\apache\maven\doxia\doxia-integration-tools\2.0.0\doxia-integration-tools-2.0.0.jar;C:\Users\WinVar7600\.m2\repository\org\apache\maven\wagon\wagon-provider-api\3.5.3\wagon-provider-api-3.5.3.jar;C:\Users\WinVar7600\.m2\repository\org\apache\commons\commons-lang3\3.17.0\commons-lang3-3.17.0.jar;C:\Users\WinVar7600\.m2\repository\org\apache\commons\commons-text\1.12.0\commons-text-1.12.0.jar;C:\Users\WinVar7600\.m2\repository\org\apache\httpcomponents\httpclient\4.5.14\httpclient-4.5.14.jar;C:\Users\WinVar7600\.m2\repository\commons-codec\commons-codec\1.11\commons-codec-1.11.jar;C:\Users\WinVar7600\.m2\repository\org\apache\httpcomponents\httpcore\4.4.16\httpcore-4.4.16.jar;C:\Users\WinVar7600\.m2\repository\com\thoughtworks\qdox\qdox\2.2.0\qdox-2.2.0.jar;C:\Users\WinVar7600\.m2\repository\org\slf4j\slf4j-api\1.7.36\slf4j-api-1.7.36.jar;C:\Users\WinVar7600\.m2\repository\org\codehaus\plexus\plexus-java\1.3.0\plexus-java-1.3.0.jar;C:\Users\WinVar7600\.m2\repository\org\ow2\asm\asm\9.7\asm-9.7.jar;C:\Users\WinVar7600\.m2\repository\org\codehaus\plexus\plexus-utils\4.0.2\plexus-utils-4.0.2.jar;C:\Users\WinVar7600\.m2\repository\org\codehaus\plexus\plexus-xml\3.0.1\plexus-xml-3.0.1.jar;C:\Users\WinVar7600\.m2\repository\org\codehaus\plexus\plexus-io\3.5.1\plexus-io-3.5.1.jar;C:\Users\WinVar7600\.m2\repository\org\codehaus\plexus\plexus-archiver\4.10.0\plexus-archiver-4.10.0.jar;C:\Users\WinVar7600\.m2\repository\org\apache\commons\commons-compress\1.26.2\commons-compress-1.26.2.jar;C:\Users\WinVar7600\.m2\repository\io\airlift\aircompressor\0.27\aircompressor-0.27.jar;C:\Users\WinVar7600\.m2\repository\org\tukaani\xz\1.9\xz-1.9.jar;C:\Users\WinVar7600\.m2\repository\com\github\luben\zstd-jni\1.5.6-3\zstd-jni-1.5.6-3.jar;C:\Users\WinVar7600\.m2\repository\commons-io\commons-io\2.18.0\commons-io-2.18.0.jar;C:\Users\WinVar7600\.m2\repository\org\codehaus\plexus\plexus-interactivity-api\1.3\plexus-interactivity-api-1.3.jar;C:\Users\WinVar7600\.m2\repository\org\junit\jupiter\junit-jupiter-engine\5.11.4\junit-jupiter-engine-5.11.4.jar;C:\Users\WinVar7600\.m2\repository\org\junit\platform\junit-platform-engine\1.11.4\junit-platform-engine-1.11.4.jar;C:\Users\WinVar7600\.m2\repository\org\opentest4j\opentest4j\1.3.0\opentest4j-1.3.0.jar;C:\Users\WinVar7600\.m2\repository\org\junit\platform\junit-platform-commons\1.11.4\junit-platform-commons-1.11.4.jar;C:\Users\WinVar7600\.m2\repository\org\junit\jupiter\junit-jupiter-api\5.11.4\junit-jupiter-api-5.11.4.jar;C:\Users\WinVar7600\.m2\repository\org\apiguardian\apiguardian-api\1.1.2\apiguardian-api-1.1.2.jar;C:\Users\WinVar7600\.m2\repository\com\formdev\flatlaf\3.5.4\flatlaf-3.5.4.jar;C:\Users\WinVar7600\.m2\repository\org\apache\maven\plugins\maven-checkstyle-plugin\3.6.0\maven-checkstyle-plugin-3.6.0.jar;C:\Users\WinVar7600\.m2\repository\org\apache\maven\reporting\maven-reporting-impl\4.0.0\maven-reporting-impl-4.0.0.jar;C:\Users\WinVar7600\.m2\repository\org\apache\maven\doxia\doxia-module-apt\2.0.0\doxia-module-apt-2.0.0.jar;C:\Users\WinVar7600\.m2\repository\org\apache\maven\doxia\doxia-module-xdoc\2.0.0\doxia-module-xdoc-2.0.0.jar;C:\Users\WinVar7600\.m2\repository\org\apache\maven\doxia\doxia-core\2.0.0\doxia-core-2.0.0.jar;C:\Users\WinVar7600\.m2\repository\org\codehaus\plexus\plexus-component-annotations\2.2.0\plexus-component-annotations-2.2.0.jar;C:\Users\WinVar7600\.m2\repository\org\codehaus\plexus\plexus-resources\1.3.0\plexus-resources-1.3.0.jar;C:\Users\WinVar7600\.m2\repository\org\codehaus\plexus\plexus-i18n\1.0-beta-10\plexus-i18n-1.0-beta-10.jar;C:\Users\WinVar7600\.m2\repository\com\puppycrawl\tools\checkstyle\9.3\checkstyle-9.3.jar;C:\Users\WinVar7600\.m2\repository\info\picocli\picocli\4.6.2\picocli-4.6.2.jar;C:\Users\WinVar7600\.m2\repository\org\antlr\antlr4-runtime\4.9.3\antlr4-runtime-4.9.3.jar;C:\Users\WinVar7600\.m2\repository\org\reflections\reflections\0.10.2\reflections-0.10.2.jar;C:\Users\WinVar7600\.m2\repository\org\javassist\javassist\3.28.0-GA\javassist-3.28.0-GA.jar;C:\Users\WinVar7600\.m2\repository\net\sf\saxon\Saxon-HE\10.6\Saxon-HE-10.6.jar;C:\Users\WinVar7600\.m2\repository\javax\xml\bind\jaxb-api\2.3.1\jaxb-api-2.3.1.jar;C:\Users\WinVar7600\.m2\repository\javax\activation\javax.activation-api\1.2.0\javax.activation-api-1.2.0.jar;C:\Users\WinVar7600\.m2\repository\net\revelc\code\formatter\formatter-maven-plugin\2.24.1\formatter-maven-plugin-2.24.1.jar;C:\Users\WinVar7600\.m2\repository\com\fasterxml\jackson\core\jackson-core\2.17.1\jackson-core-2.17.1.jar;C:\Users\WinVar7600\.m2\repository\com\fasterxml\jackson\core\jackson-databind\2.17.1\jackson-databind-2.17.1.jar;C:\Users\WinVar7600\.m2\repository\com\fasterxml\jackson\core\jackson-annotations\2.17.1\jackson-annotations-2.17.1.jar;C:\Users\WinVar7600\.m2\repository\com\google\guava\guava\33.2.1-jre\guava-33.2.1-jre.jar;C:\Users\WinVar7600\.m2\repository\com\google\guava\failureaccess\1.0.2\failureaccess-1.0.2.jar;C:\Users\WinVar7600\.m2\repository\com\google\guava\listenablefuture\9999.0-empty-to-avoid-conflict-with-guava\listenablefuture-9999.0-empty-to-avoid-conflict-with-guava.jar;C:\Users\WinVar7600\.m2\repository\com\google\code\findbugs\jsr305\3.0.2\jsr305-3.0.2.jar;C:\Users\WinVar7600\.m2\repository\org\checkerframework\checker-qual\3.42.0\checker-qual-3.42.0.jar;C:\Users\WinVar7600\.m2\repository\com\google\errorprone\error_prone_annotations\2.26.1\error_prone_annotations-2.26.1.jar;C:\Users\WinVar7600\.m2\repository\com\google\j2objc\j2objc-annotations\3.0.0\j2objc-annotations-3.0.0.jar;C:\Users\WinVar7600\.m2\repository\commons-beanutils\commons-beanutils\1.9.4\commons-beanutils-1.9.4.jar;C:\Users\WinVar7600\.m2\repository\commons-collections\commons-collections\3.2.2\commons-collections-3.2.2.jar;C:\Users\WinVar7600\.m2\repository\commons-logging\commons-logging\1.3.2\commons-logging-1.3.2.jar;C:\Users\WinVar7600\.m2\repository\net\revelc\code\formatter\jsdt-core\3.4.4\jsdt-core-3.4.4.jar;C:\Users\WinVar7600\.m2\repository\com\ibm\icu\icu4j\74.2\icu4j-74.2.jar;C:\Users\WinVar7600\.m2\repository\org\osgi\org.osgi.service.prefs\1.1.2\org.osgi.service.prefs-1.1.2.jar;C:\Users\WinVar7600\.m2\repository\org\osgi\osgi.annotation\8.0.1\osgi.annotation-8.0.1.jar;C:\Users\WinVar7600\.m2\repository\org\osgi\org.osgi.util.function\1.2.0\org.osgi.util.function-1.2.0.jar;C:\Users\WinVar7600\.m2\repository\org\osgi\org.osgi.util.promise\1.3.0\org.osgi.util.promise-1.3.0.jar;C:\Users\WinVar7600\.m2\repository\org\osgi\org.osgi.util.measurement\1.0.2\org.osgi.util.measurement-1.0.2.jar;C:\Users\WinVar7600\.m2\repository\org\osgi\org.osgi.util.position\1.0.1\org.osgi.util.position-1.0.1.jar;C:\Users\WinVar7600\.m2\repository\org\osgi\org.osgi.util.xml\1.0.2\org.osgi.util.xml-1.0.2.jar;C:\Users\WinVar7600\.m2\repository\net\revelc\code\formatter\xml-formatter\0.4.0\xml-formatter-0.4.0.jar;C:\Users\WinVar7600\.m2\repository\net\sourceforge\cssparser\cssparser\0.9.30\cssparser-0.9.30.jar;C:\Users\WinVar7600\.m2\repository\org\apache\commons\commons-digester3\3.2\commons-digester3-3.2.jar;C:\Users\WinVar7600\.m2\repository\cglib\cglib\2.2.2\cglib-2.2.2.jar;C:\Users\WinVar7600\.m2\repository\asm\asm\3.3.1\asm-3.3.1.jar;C:\Users\WinVar7600\.m2\repository\org\eclipse\jdt\org.eclipse.jdt.core\3.37.0\org.eclipse.jdt.core-3.37.0.jar;C:\Users\WinVar7600\.m2\repository\org\eclipse\platform\org.eclipse.core.resources\3.20.100\org.eclipse.core.resources-3.20.100.jar;C:\Users\WinVar7600\.m2\repository\org\eclipse\platform\org.eclipse.core.expressions\3.9.300\org.eclipse.core.expressions-3.9.300.jar;C:\Users\WinVar7600\.m2\repository\org\eclipse\platform\org.eclipse.osgi\3.19.0\org.eclipse.osgi-3.19.0.jar;C:\Users\WinVar7600\.m2\repository\org\eclipse\platform\org.eclipse.core.runtime\3.31.0\org.eclipse.core.runtime-3.31.0.jar;C:\Users\WinVar7600\.m2\repository\org\eclipse\platform\org.eclipse.equinox.common\3.19.0\org.eclipse.equinox.common-3.19.0.jar;C:\Users\WinVar7600\.m2\repository\org\eclipse\platform\org.eclipse.core.jobs\3.15.200\org.eclipse.core.jobs-3.15.200.jar;C:\Users\WinVar7600\.m2\repository\org\eclipse\platform\org.eclipse.equinox.registry\3.12.0\org.eclipse.equinox.registry-3.12.0.jar;C:\Users\WinVar7600\.m2\repository\org\eclipse\platform\org.eclipse.equinox.preferences\3.11.0\org.eclipse.equinox.preferences-3.11.0.jar;C:\Users\WinVar7600\.m2\repository\org\eclipse\platform\org.eclipse.core.contenttype\3.9.300\org.eclipse.core.contenttype-3.9.300.jar;C:\Users\WinVar7600\.m2\repository\org\eclipse\platform\org.eclipse.equinox.app\1.7.0\org.eclipse.equinox.app-1.7.0.jar;C:\Users\WinVar7600\.m2\repository\org\eclipse\platform\org.eclipse.core.filesystem\1.10.300\org.eclipse.core.filesystem-1.10.300.jar;C:\Users\WinVar7600\.m2\repository\org\eclipse\platform\org.eclipse.text\3.14.0\org.eclipse.text-3.14.0.jar;C:\Users\WinVar7600\.m2\repository\org\eclipse\platform\org.eclipse.core.commands\3.12.0\org.eclipse.core.commands-3.12.0.jar;C:\Users\WinVar7600\.m2\repository\org\eclipse\jdt\ecj\3.37.0\ecj-3.37.0.jar;C:\Users\WinVar7600\.m2\repository\org\jsoup\jsoup\1.17.2\jsoup-1.17.2.jar;C:\Users\WinVar7600\.m2\repository\org\w3c\css\sac\1.3\sac-1.3.jar;C:\Users\WinVar7600\.m2\repository\org\apache\maven\plugins\maven-assembly-plugin\3.7.1\maven-assembly-plugin-3.7.1.jar;C:\Users\WinVar7600\.m2\repository\org\codehaus\plexus\plexus-interpolation\1.27\plexus-interpolation-1.27.jar;C:\Users\WinVar7600\.m2\repository\org\apache\maven\shared\maven-filtering\3.3.2\maven-filtering-3.3.2.jar;C:\Users\WinVar7600\.m2\repository\org\sonatype\plexus\plexus-build-api\0.0.7\plexus-build-api-0.0.7.jar;"/>
    <property name="java.vm.vendor" value="Amazon.com Inc."/>
    <property name="sun.arch.data.model" value="64"/>
    <property name="user.variant" value=""/>
    <property name="java.vendor.url" value="https://aws.amazon.com/corretto/"/>
    <property name="user.timezone" value="America/New_York"/>
    <property name="os.name" value="Windows 10"/>
    <property name="java.vm.specification.version" value="21"/>
    <property name="sun.java.launcher" value="SUN_STANDARD"/>
    <property name="user.country" value="US"/>
    <property name="sun.boot.library.path" value="C:\Program Files\Amazon Corretto\jdk21.0.5_11\bin"/>
    <property name="sun.java.command" value="C:\Users\WinVar7600\AppData\Local\Temp\surefire8135190237792145286\surefirebooter-20250116181233311_3.jar C:\Users\WinVar7600\AppData\Local\Temp\surefire8135190237792145286 2025-01-16T18-12-33_082-jvmRun1 surefire-20250116181233311_1tmp surefire_0-20250116181233311_2tmp"/>
    <property name="jdk.debug" value="release"/>
    <property name="surefire.test.class.path" value="C:\Users\WinVar7600\Documents\GitProject\VHDL-GENERATOR\target\test-classes;C:\Users\WinVar7600\Documents\GitProject\VHDL-GENERATOR\target\classes;C:\Users\WinVar7600\.m2\repository\org\apache\maven\plugins\maven-javadoc-plugin\3.11.2\maven-javadoc-plugin-3.11.2.jar;C:\Users\WinVar7600\.m2\repository\org\apache\maven\resolver\maven-resolver-util\1.4.1\maven-resolver-util-1.4.1.jar;C:\Users\WinVar7600\.m2\repository\org\apache\maven\resolver\maven-resolver-api\1.4.1\maven-resolver-api-1.4.1.jar;C:\Users\WinVar7600\.m2\repository\javax\inject\javax.inject\1\javax.inject-1.jar;C:\Users\WinVar7600\.m2\repository\org\apache\maven\reporting\maven-reporting-api\4.0.0\maven-reporting-api-4.0.0.jar;C:\Users\WinVar7600\.m2\repository\org\apache\maven\maven-archiver\3.6.2\maven-archiver-3.6.2.jar;C:\Users\WinVar7600\.m2\repository\org\apache\maven\shared\maven-invoker\3.3.0\maven-invoker-3.3.0.jar;C:\Users\WinVar7600\.m2\repository\org\apache\maven\shared\maven-shared-utils\3.4.2\maven-shared-utils-3.4.2.jar;C:\Users\WinVar7600\.m2\repository\org\apache\maven\shared\maven-common-artifact-filters\3.4.0\maven-common-artifact-filters-3.4.0.jar;C:\Users\WinVar7600\.m2\repository\org\apache\maven\doxia\doxia-sink-api\2.0.0\doxia-sink-api-2.0.0.jar;C:\Users\WinVar7600\.m2\repository\org\apache\maven\doxia\doxia-site-renderer\2.0.0\doxia-site-renderer-2.0.0.jar;C:\Users\WinVar7600\.m2\repository\org\apache\maven\doxia\doxia-site-model\2.0.0\doxia-site-model-2.0.0.jar;C:\Users\WinVar7600\.m2\repository\org\apache\maven\doxia\doxia-skin-model\2.0.0\doxia-skin-model-2.0.0.jar;C:\Users\WinVar7600\.m2\repository\org\apache\maven\doxia\doxia-module-xhtml5\2.0.0\doxia-module-xhtml5-2.0.0.jar;C:\Users\WinVar7600\.m2\repository\org\eclipse\sisu\org.eclipse.sisu.plexus\0.9.0.M3\org.eclipse.sisu.plexus-0.9.0.M3.jar;C:\Users\WinVar7600\.m2\repository\org\eclipse\sisu\org.eclipse.sisu.inject\0.9.0.M3\org.eclipse.sisu.inject-0.9.0.M3.jar;C:\Users\WinVar7600\.m2\repository\org\codehaus\plexus\plexus-classworlds\2.6.0\plexus-classworlds-2.6.0.jar;C:\Users\WinVar7600\.m2\repository\org\codehaus\plexus\plexus-velocity\2.2.0\plexus-velocity-2.2.0.jar;C:\Users\WinVar7600\.m2\repository\org\apache\velocity\velocity-engine-core\2.4\velocity-engine-core-2.4.jar;C:\Users\WinVar7600\.m2\repository\org\apache\velocity\tools\velocity-tools-generic\3.1\velocity-tools-generic-3.1.jar;C:\Users\WinVar7600\.m2\repository\com\github\cliftonlabs\json-simple\3.0.2\json-simple-3.0.2.jar;C:\Users\WinVar7600\.m2\repository\org\apache\maven\doxia\doxia-integration-tools\2.0.0\doxia-integration-tools-2.0.0.jar;C:\Users\WinVar7600\.m2\repository\org\apache\maven\wagon\wagon-provider-api\3.5.3\wagon-provider-api-3.5.3.jar;C:\Users\WinVar7600\.m2\repository\org\apache\commons\commons-lang3\3.17.0\commons-lang3-3.17.0.jar;C:\Users\WinVar7600\.m2\repository\org\apache\commons\commons-text\1.12.0\commons-text-1.12.0.jar;C:\Users\WinVar7600\.m2\repository\org\apache\httpcomponents\httpclient\4.5.14\httpclient-4.5.14.jar;C:\Users\WinVar7600\.m2\repository\commons-codec\commons-codec\1.11\commons-codec-1.11.jar;C:\Users\WinVar7600\.m2\repository\org\apache\httpcomponents\httpcore\4.4.16\httpcore-4.4.16.jar;C:\Users\WinVar7600\.m2\repository\com\thoughtworks\qdox\qdox\2.2.0\qdox-2.2.0.jar;C:\Users\WinVar7600\.m2\repository\org\slf4j\slf4j-api\1.7.36\slf4j-api-1.7.36.jar;C:\Users\WinVar7600\.m2\repository\org\codehaus\plexus\plexus-java\1.3.0\plexus-java-1.3.0.jar;C:\Users\WinVar7600\.m2\repository\org\ow2\asm\asm\9.7\asm-9.7.jar;C:\Users\WinVar7600\.m2\repository\org\codehaus\plexus\plexus-utils\4.0.2\plexus-utils-4.0.2.jar;C:\Users\WinVar7600\.m2\repository\org\codehaus\plexus\plexus-xml\3.0.1\plexus-xml-3.0.1.jar;C:\Users\WinVar7600\.m2\repository\org\codehaus\plexus\plexus-io\3.5.1\plexus-io-3.5.1.jar;C:\Users\WinVar7600\.m2\repository\org\codehaus\plexus\plexus-archiver\4.10.0\plexus-archiver-4.10.0.jar;C:\Users\WinVar7600\.m2\repository\org\apache\commons\commons-compress\1.26.2\commons-compress-1.26.2.jar;C:\Users\WinVar7600\.m2\repository\io\airlift\aircompressor\0.27\aircompressor-0.27.jar;C:\Users\WinVar7600\.m2\repository\org\tukaani\xz\1.9\xz-1.9.jar;C:\Users\WinVar7600\.m2\repository\com\github\luben\zstd-jni\1.5.6-3\zstd-jni-1.5.6-3.jar;C:\Users\WinVar7600\.m2\repository\commons-io\commons-io\2.18.0\commons-io-2.18.0.jar;C:\Users\WinVar7600\.m2\repository\org\codehaus\plexus\plexus-interactivity-api\1.3\plexus-interactivity-api-1.3.jar;C:\Users\WinVar7600\.m2\repository\org\junit\jupiter\junit-jupiter-engine\5.11.4\junit-jupiter-engine-5.11.4.jar;C:\Users\WinVar7600\.m2\repository\org\junit\platform\junit-platform-engine\1.11.4\junit-platform-engine-1.11.4.jar;C:\Users\WinVar7600\.m2\repository\org\opentest4j\opentest4j\1.3.0\opentest4j-1.3.0.jar;C:\Users\WinVar7600\.m2\repository\org\junit\platform\junit-platform-commons\1.11.4\junit-platform-commons-1.11.4.jar;C:\Users\WinVar7600\.m2\repository\org\junit\jupiter\junit-jupiter-api\5.11.4\junit-jupiter-api-5.11.4.jar;C:\Users\WinVar7600\.m2\repository\org\apiguardian\apiguardian-api\1.1.2\apiguardian-api-1.1.2.jar;C:\Users\WinVar7600\.m2\repository\com\formdev\flatlaf\3.5.4\flatlaf-3.5.4.jar;C:\Users\WinVar7600\.m2\repository\org\apache\maven\plugins\maven-checkstyle-plugin\3.6.0\maven-checkstyle-plugin-3.6.0.jar;C:\Users\WinVar7600\.m2\repository\org\apache\maven\reporting\maven-reporting-impl\4.0.0\maven-reporting-impl-4.0.0.jar;C:\Users\WinVar7600\.m2\repository\org\apache\maven\doxia\doxia-module-apt\2.0.0\doxia-module-apt-2.0.0.jar;C:\Users\WinVar7600\.m2\repository\org\apache\maven\doxia\doxia-module-xdoc\2.0.0\doxia-module-xdoc-2.0.0.jar;C:\Users\WinVar7600\.m2\repository\org\apache\maven\doxia\doxia-core\2.0.0\doxia-core-2.0.0.jar;C:\Users\WinVar7600\.m2\repository\org\codehaus\plexus\plexus-component-annotations\2.2.0\plexus-component-annotations-2.2.0.jar;C:\Users\WinVar7600\.m2\repository\org\codehaus\plexus\plexus-resources\1.3.0\plexus-resources-1.3.0.jar;C:\Users\WinVar7600\.m2\repository\org\codehaus\plexus\plexus-i18n\1.0-beta-10\plexus-i18n-1.0-beta-10.jar;C:\Users\WinVar7600\.m2\repository\com\puppycrawl\tools\checkstyle\9.3\checkstyle-9.3.jar;C:\Users\WinVar7600\.m2\repository\info\picocli\picocli\4.6.2\picocli-4.6.2.jar;C:\Users\WinVar7600\.m2\repository\org\antlr\antlr4-runtime\4.9.3\antlr4-runtime-4.9.3.jar;C:\Users\WinVar7600\.m2\repository\org\reflections\reflections\0.10.2\reflections-0.10.2.jar;C:\Users\WinVar7600\.m2\repository\org\javassist\javassist\3.28.0-GA\javassist-3.28.0-GA.jar;C:\Users\WinVar7600\.m2\repository\net\sf\saxon\Saxon-HE\10.6\Saxon-HE-10.6.jar;C:\Users\WinVar7600\.m2\repository\javax\xml\bind\jaxb-api\2.3.1\jaxb-api-2.3.1.jar;C:\Users\WinVar7600\.m2\repository\javax\activation\javax.activation-api\1.2.0\javax.activation-api-1.2.0.jar;C:\Users\WinVar7600\.m2\repository\net\revelc\code\formatter\formatter-maven-plugin\2.24.1\formatter-maven-plugin-2.24.1.jar;C:\Users\WinVar7600\.m2\repository\com\fasterxml\jackson\core\jackson-core\2.17.1\jackson-core-2.17.1.jar;C:\Users\WinVar7600\.m2\repository\com\fasterxml\jackson\core\jackson-databind\2.17.1\jackson-databind-2.17.1.jar;C:\Users\WinVar7600\.m2\repository\com\fasterxml\jackson\core\jackson-annotations\2.17.1\jackson-annotations-2.17.1.jar;C:\Users\WinVar7600\.m2\repository\com\google\guava\guava\33.2.1-jre\guava-33.2.1-jre.jar;C:\Users\WinVar7600\.m2\repository\com\google\guava\failureaccess\1.0.2\failureaccess-1.0.2.jar;C:\Users\WinVar7600\.m2\repository\com\google\guava\listenablefuture\9999.0-empty-to-avoid-conflict-with-guava\listenablefuture-9999.0-empty-to-avoid-conflict-with-guava.jar;C:\Users\WinVar7600\.m2\repository\com\google\code\findbugs\jsr305\3.0.2\jsr305-3.0.2.jar;C:\Users\WinVar7600\.m2\repository\org\checkerframework\checker-qual\3.42.0\checker-qual-3.42.0.jar;C:\Users\WinVar7600\.m2\repository\com\google\errorprone\error_prone_annotations\2.26.1\error_prone_annotations-2.26.1.jar;C:\Users\WinVar7600\.m2\repository\com\google\j2objc\j2objc-annotations\3.0.0\j2objc-annotations-3.0.0.jar;C:\Users\WinVar7600\.m2\repository\commons-beanutils\commons-beanutils\1.9.4\commons-beanutils-1.9.4.jar;C:\Users\WinVar7600\.m2\repository\commons-collections\commons-collections\3.2.2\commons-collections-3.2.2.jar;C:\Users\WinVar7600\.m2\repository\commons-logging\commons-logging\1.3.2\commons-logging-1.3.2.jar;C:\Users\WinVar7600\.m2\repository\net\revelc\code\formatter\jsdt-core\3.4.4\jsdt-core-3.4.4.jar;C:\Users\WinVar7600\.m2\repository\com\ibm\icu\icu4j\74.2\icu4j-74.2.jar;C:\Users\WinVar7600\.m2\repository\org\osgi\org.osgi.service.prefs\1.1.2\org.osgi.service.prefs-1.1.2.jar;C:\Users\WinVar7600\.m2\repository\org\osgi\osgi.annotation\8.0.1\osgi.annotation-8.0.1.jar;C:\Users\WinVar7600\.m2\repository\org\osgi\org.osgi.util.function\1.2.0\org.osgi.util.function-1.2.0.jar;C:\Users\WinVar7600\.m2\repository\org\osgi\org.osgi.util.promise\1.3.0\org.osgi.util.promise-1.3.0.jar;C:\Users\WinVar7600\.m2\repository\org\osgi\org.osgi.util.measurement\1.0.2\org.osgi.util.measurement-1.0.2.jar;C:\Users\WinVar7600\.m2\repository\org\osgi\org.osgi.util.position\1.0.1\org.osgi.util.position-1.0.1.jar;C:\Users\WinVar7600\.m2\repository\org\osgi\org.osgi.util.xml\1.0.2\org.osgi.util.xml-1.0.2.jar;C:\Users\WinVar7600\.m2\repository\net\revelc\code\formatter\xml-formatter\0.4.0\xml-formatter-0.4.0.jar;C:\Users\WinVar7600\.m2\repository\net\sourceforge\cssparser\cssparser\0.9.30\cssparser-0.9.30.jar;C:\Users\WinVar7600\.m2\repository\org\apache\commons\commons-digester3\3.2\commons-digester3-3.2.jar;C:\Users\WinVar7600\.m2\repository\cglib\cglib\2.2.2\cglib-2.2.2.jar;C:\Users\WinVar7600\.m2\repository\asm\asm\3.3.1\asm-3.3.1.jar;C:\Users\WinVar7600\.m2\repository\org\eclipse\jdt\org.eclipse.jdt.core\3.37.0\org.eclipse.jdt.core-3.37.0.jar;C:\Users\WinVar7600\.m2\repository\org\eclipse\platform\org.eclipse.core.resources\3.20.100\org.eclipse.core.resources-3.20.100.jar;C:\Users\WinVar7600\.m2\repository\org\eclipse\platform\org.eclipse.core.expressions\3.9.300\org.eclipse.core.expressions-3.9.300.jar;C:\Users\WinVar7600\.m2\repository\org\eclipse\platform\org.eclipse.osgi\3.19.0\org.eclipse.osgi-3.19.0.jar;C:\Users\WinVar7600\.m2\repository\org\eclipse\platform\org.eclipse.core.runtime\3.31.0\org.eclipse.core.runtime-3.31.0.jar;C:\Users\WinVar7600\.m2\repository\org\eclipse\platform\org.eclipse.equinox.common\3.19.0\org.eclipse.equinox.common-3.19.0.jar;C:\Users\WinVar7600\.m2\repository\org\eclipse\platform\org.eclipse.core.jobs\3.15.200\org.eclipse.core.jobs-3.15.200.jar;C:\Users\WinVar7600\.m2\repository\org\eclipse\platform\org.eclipse.equinox.registry\3.12.0\org.eclipse.equinox.registry-3.12.0.jar;C:\Users\WinVar7600\.m2\repository\org\eclipse\platform\org.eclipse.equinox.preferences\3.11.0\org.eclipse.equinox.preferences-3.11.0.jar;C:\Users\WinVar7600\.m2\repository\org\eclipse\platform\org.eclipse.core.contenttype\3.9.300\org.eclipse.core.contenttype-3.9.300.jar;C:\Users\WinVar7600\.m2\repository\org\eclipse\platform\org.eclipse.equinox.app\1.7.0\org.eclipse.equinox.app-1.7.0.jar;C:\Users\WinVar7600\.m2\repository\org\eclipse\platform\org.eclipse.core.filesystem\1.10.300\org.eclipse.core.filesystem-1.10.300.jar;C:\Users\WinVar7600\.m2\repository\org\eclipse\platform\org.eclipse.text\3.14.0\org.eclipse.text-3.14.0.jar;C:\Users\WinVar7600\.m2\repository\org\eclipse\platform\org.eclipse.core.commands\3.12.0\org.eclipse.core.commands-3.12.0.jar;C:\Users\WinVar7600\.m2\repository\org\eclipse\jdt\ecj\3.37.0\ecj-3.37.0.jar;C:\Users\WinVar7600\.m2\repository\org\jsoup\jsoup\1.17.2\jsoup-1.17.2.jar;C:\Users\WinVar7600\.m2\repository\org\w3c\css\sac\1.3\sac-1.3.jar;C:\Users\WinVar7600\.m2\repository\org\apache\maven\plugins\maven-assembly-plugin\3.7.1\maven-assembly-plugin-3.7.1.jar;C:\Users\WinVar7600\.m2\repository\org\codehaus\plexus\plexus-interpolation\1.27\plexus-interpolation-1.27.jar;C:\Users\WinVar7600\.m2\repository\org\apache\maven\shared\maven-filtering\3.3.2\maven-filtering-3.3.2.jar;C:\Users\WinVar7600\.m2\repository\org\sonatype\plexus\plexus-build-api\0.0.7\plexus-build-api-0.0.7.jar;"/>
    <property name="sun.cpu.endian" value="little"/>
    <property name="user.home" value="C:\Users\WinVar7600"/>
    <property name="user.language" value="en"/>
    <property name="java.specification.vendor" value="Oracle Corporation"/>
    <property name="java.version.date" value="2024-10-15"/>
    <property name="java.home" value="C:\Program Files\Amazon Corretto\jdk21.0.5_11"/>
    <property name="file.separator" value="\"/>
    <property name="basedir" value="C:\Users\WinVar7600\Documents\GitProject\VHDL-GENERATOR"/>
    <property name="java.vm.compressedOopsMode" value="Zero based"/>
    <property name="line.separator" value="&#10;"/>
    <property name="java.vm.specification.vendor" value="Oracle Corporation"/>
    <property name="java.specification.name" value="Java Platform API Specification"/>
    <property name="surefire.real.class.path" value="C:\Users\WinVar7600\AppData\Local\Temp\surefire8135190237792145286\surefirebooter-20250116181233311_3.jar"/>
    <property name="user.script" value=""/>
    <property name="sun.management.compiler" value="HotSpot 64-Bit Tiered Compilers"/>
    <property name="java.runtime.version" value="21.0.5+11-LTS"/>
    <property name="user.name" value="WinVar7600"/>
    <property name="stdout.encoding" value="Cp1252"/>
    <property name="path.separator" value=";"/>
    <property name="os.version" value="10.0"/>
    <property name="java.runtime.name" value="OpenJDK Runtime Environment"/>
    <property name="file.encoding" value="UTF-8"/>
    <property name="java.vm.name" value="OpenJDK 64-Bit Server VM"/>
    <property name="java.vendor.version" value="Corretto-21.0.5.11.1"/>
    <property name="localRepository" value="C:\Users\WinVar7600\.m2\repository"/>
    <property name="java.vendor.url.bug" value="https://github.com/corretto/corretto-21/issues/"/>
    <property name="java.io.tmpdir" value="C:\Users\WINVAR~1\AppData\Local\Temp\"/>
    <property name="java.version" value="21.0.5"/>
    <property name="user.dir" value="C:\Users\WinVar7600\Documents\GitProject\VHDL-GENERATOR"/>
    <property name="os.arch" value="amd64"/>
    <property name="java.vm.specification.name" value="Java Virtual Machine Specification"/>
    <property name="sun.os.patch.level" value=""/>
    <property name="native.encoding" value="Cp1252"/>
    <property name="java.library.path" value="C:\Program Files\Amazon Corretto\jdk21.0.5_11\bin;C:\Windows\Sun\Java\bin;C:\Windows\system32;C:\Windows;C:/Program Files/Eclipse 4.34.0/eclipse//plugins/org.eclipse.justj.openjdk.hotspot.jre.full.win32.x86_64_21.0.5.v20241023-1957/jre/bin/server;C:/Program Files/Eclipse 4.34.0/eclipse//plugins/org.eclipse.justj.openjdk.hotspot.jre.full.win32.x86_64_21.0.5.v20241023-1957/jre/bin;C:\Program Files\ImageMagick-7.1.1-Q16-HDRI;C:\Python313\Scripts\;C:\Python313\;C:\Python312\Scripts\;C:\Python312\;C:\Program Files\Amazon Corretto\jdk21.0.5_11\bin;C:\Windows\system32;C:\Windows;C:\Windows\System32\Wbem;C:\Windows\System32\WindowsPowerShell\v1.0\;C:\Windows\System32\OpenSSH\;C:\ProgramData\chocolatey\bin;C:\tools\php83;C:\Program Files\VSCodium\bin;C:\Program Files\dotnet\;C:\Program Files\Cppcheck;C:\Program Files\OpenSSL\bin;C:\Program Files\OpenJDK\jdk-22.0.2\bin;C:\ProgramData\chocolatey\lib\maven\apache-maven-3.9.9\bin;C:\Program Files\Git\cmd;C:\tools\miniconda3;C:\tools\miniconda3\Library\mingw-w64\bin;C:\tools\miniconda3\Library\usr\bin;C:\tools\miniconda3\Library\bin;C:\tools\miniconda3\Scripts;C:\Program Files\Go\bin;C:\tools\php84;C:\GHDL\bin;C:\Users\WinVar7600\AppData\Roaming\Python\Python312\Scripts;C:\Users\WinVar7600\AppData\Roaming\Python\Python313\Scripts;C:\Program Files\nodejs\;C:\GNATSTUDIO\bin;C:\Users\WinVar7600\AppData\Local\Microsoft\WindowsApps;C:\Users\WinVar7600\AppData\Local\GitHubDesktop\bin;C:\Users\WinVar7600\.dotnet\tools;C:\Windows\System32;;."/>
    <property name="java.vm.info" value="mixed mode, sharing"/>
    <property name="stderr.encoding" value="Cp1252"/>
    <property name="java.vendor" value="Amazon.com Inc."/>
    <property name="java.vm.version" value="21.0.5+11-LTS"/>
    <property name="sun.io.unicode.encoding" value="UnicodeLittle"/>
    <property name="java.class.version" value="65.0"/>
  </properties>
  <testcase name="testFlipFlop" classname="TestComponent" time="0.312"/>
  <testcase name="testComparator" classname="TestComponent" time="0.01"/>
  <testcase name="testMux" classname="TestComponent" time="0.008"/>
  <testcase name="testCoder" classname="TestComponent" time="0.012"/>
  <testcase name="testDemux" classname="TestComponent" time="0.007"/>
  <testcase name="testSubtractor" classname="TestComponent" time="0.011"/>
  <testcase name="adder" classname="TestComponent" time="0.008"/>
  <testcase name="testSegment7" classname="TestComponent" time="0.006"/>
</testsuite>